  pierre.cpp
  persoVie.cpp
  persoTortue.cpp
c:\users\fabrice\desktop\c++\mario\src\persotortue.cpp(24): warning C4996: 'sprintf': This function or variable may be unsafe. Consider using sprintf_s instead. To disable deprecation, use _CRT_SECURE_NO_WARNINGS. See online help for details.
          c:\program files\microsoft visual studio 12.0\vc\include\stdio.h(356) : see declaration of 'sprintf'
  persoSuiveur.cpp
c:\users\fabrice\desktop\c++\mario\src\persosuiveur.cpp(25): warning C4996: 'sprintf': This function or variable may be unsafe. Consider using sprintf_s instead. To disable deprecation, use _CRT_SECURE_NO_WARNINGS. See online help for details.
          c:\program files\microsoft visual studio 12.0\vc\include\stdio.h(356) : see declaration of 'sprintf'
  persoSauteur.cpp
c:\users\fabrice\desktop\c++\mario\src\persosauteur.cpp(25): warning C4996: 'sprintf': This function or variable may be unsafe. Consider using sprintf_s instead. To disable deprecation, use _CRT_SECURE_NO_WARNINGS. See online help for details.
          c:\program files\microsoft visual studio 12.0\vc\include\stdio.h(356) : see declaration of 'sprintf'
  persoPrincipal.cpp
  persoPiquant1.cpp
  persoPiquant.cpp
  persoPasseur1.cpp
  persoPasseur.cpp
  personnage.cpp
c:\users\fabrice\desktop\c++\mario\src\personnage.cpp(32): warning C4018: '<' : signed/unsigned mismatch
c:\users\fabrice\desktop\c++\mario\src\personnage.cpp(133): warning C4244: 'argument' : conversion from 'time_t' to 'unsigned int', possible loss of data
c:\users\fabrice\desktop\c++\mario\src\personnage.cpp(140): warning C4244: 'argument' : conversion from 'time_t' to 'unsigned int', possible loss of data
c:\users\fabrice\desktop\c++\mario\src\personnage.cpp(149): warning C4018: '<' : signed/unsigned mismatch
c:\users\fabrice\desktop\c++\mario\src\personnage.cpp(171): warning C4018: '<' : signed/unsigned mismatch
c:\users\fabrice\desktop\c++\mario\src\personnage.cpp(193): warning C4018: '<' : signed/unsigned mismatch
  persoDinau.cpp
c:\users\fabrice\desktop\c++\mario\src\persodinau.cpp(28): warning C4996: 'sprintf': This function or variable may be unsafe. Consider using sprintf_s instead. To disable deprecation, use _CRT_SECURE_NO_WARNINGS. See online help for details.
          c:\program files\microsoft visual studio 12.0\vc\include\stdio.h(356) : see declaration of 'sprintf'
  persoChampignon.cpp
  persoCassable.cpp
  persoCanon2.cpp
c:\users\fabrice\desktop\c++\mario\src\persocanon2.cpp(47): warning C4101: 'posAff' : unreferenced local variable
c:\users\fabrice\desktop\c++\mario\src\persocanon2.cpp(59): warning C4018: '>=' : signed/unsigned mismatch
  persoCanon1.cpp
c:\users\fabrice\desktop\c++\mario\src\persocanon1.cpp(47): warning C4101: 'posAff' : unreferenced local variable
c:\users\fabrice\desktop\c++\mario\src\persocanon1.cpp(59): warning C4018: '>=' : signed/unsigned mismatch
  persoCanard.cpp
c:\users\fabrice\desktop\c++\mario\src\persocanard.cpp(26): warning C4996: 'sprintf': This function or variable may be unsafe. Consider using sprintf_s instead. To disable deprecation, use _CRT_SECURE_NO_WARNINGS. See online help for details.
          c:\program files\microsoft visual studio 12.0\vc\include\stdio.h(356) : see declaration of 'sprintf'
c:\users\fabrice\desktop\c++\mario\src\persocanard.cpp(45): warning C4996: 'sprintf': This function or variable may be unsafe. Consider using sprintf_s instead. To disable deprecation, use _CRT_SECURE_NO_WARNINGS. See online help for details.
          c:\program files\microsoft visual studio 12.0\vc\include\stdio.h(356) : see declaration of 'sprintf'
  persoBoss2.cpp
c:\users\fabrice\desktop\c++\mario\src\persoboss2.cpp(25): warning C4996: 'sprintf': This function or variable may be unsafe. Consider using sprintf_s instead. To disable deprecation, use _CRT_SECURE_NO_WARNINGS. See online help for details.
          c:\program files\microsoft visual studio 12.0\vc\include\stdio.h(356) : see declaration of 'sprintf'
  persoBoss.cpp
c:\users\fabrice\desktop\c++\mario\src\persoboss.cpp(27): warning C4996: 'sprintf': This function or variable may be unsafe. Consider using sprintf_s instead. To disable deprecation, use _CRT_SECURE_NO_WARNINGS. See online help for details.
          c:\program files\microsoft visual studio 12.0\vc\include\stdio.h(356) : see declaration of 'sprintf'
  persoBandit.cpp
c:\users\fabrice\desktop\c++\mario\src\persobandit.cpp(23): warning C4996: 'sprintf': This function or variable may be unsafe. Consider using sprintf_s instead. To disable deprecation, use _CRT_SECURE_NO_WARNINGS. See online help for details.
          c:\program files\microsoft visual studio 12.0\vc\include\stdio.h(356) : see declaration of 'sprintf'
  Generating Code...
  Compiling...
  music.cpp
c:\users\fabrice\desktop\c++\mario\src\music.cpp(15): warning C4018: '<' : signed/unsigned mismatch
c:\users\fabrice\desktop\c++\mario\src\music.cpp(19): warning C4018: '<' : signed/unsigned mismatch
  main.cpp
c:\users\fabrice\desktop\c++\mario\src\main.cpp(20): warning C4996: 'putenv': The POSIX name for this item is deprecated. Instead, use the ISO C++ conformant name: _putenv. See online help for details.
          c:\program files\microsoft visual studio 12.0\vc\include\stdlib.h(941) : see declaration of 'putenv'
  lecteur.cpp
c:\users\fabrice\desktop\c++\mario\src\lecteur.cpp(13): warning C4244: '=' : conversion from 'double' to 'float', possible loss of data
c:\users\fabrice\desktop\c++\mario\src\lecteur.cpp(40): warning C4244: '=' : conversion from 'float' to 'int', possible loss of data
c:\users\fabrice\desktop\c++\mario\src\lecteur.cpp(46): warning C4244: 'argument' : conversion from 'float' to 'const Uint8', possible loss of data
  jeu.cpp
c:\users\fabrice\desktop\c++\mario\src\jeu.cpp(28): warning C4996: 'sprintf': This function or variable may be unsafe. Consider using sprintf_s instead. To disable deprecation, use _CRT_SECURE_NO_WARNINGS. See online help for details.
          c:\program files\microsoft visual studio 12.0\vc\include\stdio.h(356) : see declaration of 'sprintf'
c:\users\fabrice\desktop\c++\mario\src\jeu.cpp(29): warning C4996: 'sprintf': This function or variable may be unsafe. Consider using sprintf_s instead. To disable deprecation, use _CRT_SECURE_NO_WARNINGS. See online help for details.
          c:\program files\microsoft visual studio 12.0\vc\include\stdio.h(356) : see declaration of 'sprintf'
c:\users\fabrice\desktop\c++\mario\src\jeu.cpp(30): warning C4996: 'sprintf': This function or variable may be unsafe. Consider using sprintf_s instead. To disable deprecation, use _CRT_SECURE_NO_WARNINGS. See online help for details.
          c:\program files\microsoft visual studio 12.0\vc\include\stdio.h(356) : see declaration of 'sprintf'
c:\users\fabrice\desktop\c++\mario\src\jeu.cpp(31): warning C4996: 'sprintf': This function or variable may be unsafe. Consider using sprintf_s instead. To disable deprecation, use _CRT_SECURE_NO_WARNINGS. See online help for details.
          c:\program files\microsoft visual studio 12.0\vc\include\stdio.h(356) : see declaration of 'sprintf'
c:\users\fabrice\desktop\c++\mario\src\jeu.cpp(45): warning C4018: '<' : signed/unsigned mismatch
c:\users\fabrice\desktop\c++\mario\src\jeu.cpp(49): warning C4018: '<' : signed/unsigned mismatch
c:\users\fabrice\desktop\c++\mario\src\jeu.cpp(90): warning C4018: '<' : signed/unsigned mismatch
c:\users\fabrice\desktop\c++\mario\src\jeu.cpp(92): warning C4018: '<' : signed/unsigned mismatch
c:\users\fabrice\desktop\c++\mario\src\jeu.cpp(236): warning C4018: '<' : signed/unsigned mismatch
c:\users\fabrice\desktop\c++\mario\src\jeu.cpp(238): warning C4018: '<' : signed/unsigned mismatch
c:\users\fabrice\desktop\c++\mario\src\jeu.cpp(424): warning C4018: '<' : signed/unsigned mismatch
c:\users\fabrice\desktop\c++\mario\src\jeu.cpp(480): warning C4996: 'sprintf': This function or variable may be unsafe. Consider using sprintf_s instead. To disable deprecation, use _CRT_SECURE_NO_WARNINGS. See online help for details.
          c:\program files\microsoft visual studio 12.0\vc\include\stdio.h(356) : see declaration of 'sprintf'
c:\users\fabrice\desktop\c++\mario\src\jeu.cpp(482): warning C4996: 'sprintf': This function or variable may be unsafe. Consider using sprintf_s instead. To disable deprecation, use _CRT_SECURE_NO_WARNINGS. See online help for details.
          c:\program files\microsoft visual studio 12.0\vc\include\stdio.h(356) : see declaration of 'sprintf'
c:\users\fabrice\desktop\c++\mario\src\jeu.cpp(484): warning C4996: 'sprintf': This function or variable may be unsafe. Consider using sprintf_s instead. To disable deprecation, use _CRT_SECURE_NO_WARNINGS. See online help for details.
          c:\program files\microsoft visual studio 12.0\vc\include\stdio.h(356) : see declaration of 'sprintf'
c:\users\fabrice\desktop\c++\mario\src\jeu.cpp(487): warning C4996: 'sprintf': This function or variable may be unsafe. Consider using sprintf_s instead. To disable deprecation, use _CRT_SECURE_NO_WARNINGS. See online help for details.
          c:\program files\microsoft visual studio 12.0\vc\include\stdio.h(356) : see declaration of 'sprintf'
c:\users\fabrice\desktop\c++\mario\src\jeu.cpp(489): warning C4996: 'sprintf': This function or variable may be unsafe. Consider using sprintf_s instead. To disable deprecation, use _CRT_SECURE_NO_WARNINGS. See online help for details.
          c:\program files\microsoft visual studio 12.0\vc\include\stdio.h(356) : see declaration of 'sprintf'
c:\users\fabrice\desktop\c++\mario\src\jeu.cpp(492): warning C4996: 'sprintf': This function or variable may be unsafe. Consider using sprintf_s instead. To disable deprecation, use _CRT_SECURE_NO_WARNINGS. See online help for details.
          c:\program files\microsoft visual studio 12.0\vc\include\stdio.h(356) : see declaration of 'sprintf'
c:\users\fabrice\desktop\c++\mario\src\jeu.cpp(494): warning C4996: 'sprintf': This function or variable may be unsafe. Consider using sprintf_s instead. To disable deprecation, use _CRT_SECURE_NO_WARNINGS. See online help for details.
          c:\program files\microsoft visual studio 12.0\vc\include\stdio.h(356) : see declaration of 'sprintf'
c:\users\fabrice\desktop\c++\mario\src\jeu.cpp(497): warning C4996: 'sprintf': This function or variable may be unsafe. Consider using sprintf_s instead. To disable deprecation, use _CRT_SECURE_NO_WARNINGS. See online help for details.
          c:\program files\microsoft visual studio 12.0\vc\include\stdio.h(356) : see declaration of 'sprintf'
c:\users\fabrice\desktop\c++\mario\src\jeu.cpp(499): warning C4996: 'sprintf': This function or variable may be unsafe. Consider using sprintf_s instead. To disable deprecation, use _CRT_SECURE_NO_WARNINGS. See online help for details.
          c:\program files\microsoft visual studio 12.0\vc\include\stdio.h(356) : see declaration of 'sprintf'
c:\users\fabrice\desktop\c++\mario\src\jeu.cpp(501): warning C4996: 'sprintf': This function or variable may be unsafe. Consider using sprintf_s instead. To disable deprecation, use _CRT_SECURE_NO_WARNINGS. See online help for details.
          c:\program files\microsoft visual studio 12.0\vc\include\stdio.h(356) : see declaration of 'sprintf'
c:\users\fabrice\desktop\c++\mario\src\jeu.cpp(503): warning C4996: 'sprintf': This function or variable may be unsafe. Consider using sprintf_s instead. To disable deprecation, use _CRT_SECURE_NO_WARNINGS. See online help for details.
          c:\program files\microsoft visual studio 12.0\vc\include\stdio.h(356) : see declaration of 'sprintf'
c:\users\fabrice\desktop\c++\mario\src\jeu.cpp(505): warning C4996: 'sprintf': This function or variable may be unsafe. Consider using sprintf_s instead. To disable deprecation, use _CRT_SECURE_NO_WARNINGS. See online help for details.
          c:\program files\microsoft visual studio 12.0\vc\include\stdio.h(356) : see declaration of 'sprintf'
c:\users\fabrice\desktop\c++\mario\src\jeu.cpp(528): warning C4018: '<' : signed/unsigned mismatch
c:\users\fabrice\desktop\c++\mario\src\jeu.cpp(545): warning C4018: '<' : signed/unsigned mismatch
c:\users\fabrice\desktop\c++\mario\src\jeu.cpp(582): warning C4018: '<' : signed/unsigned mismatch
c:\users\fabrice\desktop\c++\mario\src\jeu.cpp(699): warning C4996: 'sprintf': This function or variable may be unsafe. Consider using sprintf_s instead. To disable deprecation, use _CRT_SECURE_NO_WARNINGS. See online help for details.
          c:\program files\microsoft visual studio 12.0\vc\include\stdio.h(356) : see declaration of 'sprintf'
c:\users\fabrice\desktop\c++\mario\src\jeu.cpp(705): warning C4996: 'sprintf': This function or variable may be unsafe. Consider using sprintf_s instead. To disable deprecation, use _CRT_SECURE_NO_WARNINGS. See online help for details.
          c:\program files\microsoft visual studio 12.0\vc\include\stdio.h(356) : see declaration of 'sprintf'
c:\users\fabrice\desktop\c++\mario\src\jeu.cpp(713): warning C4996: 'sprintf': This function or variable may be unsafe. Consider using sprintf_s instead. To disable deprecation, use _CRT_SECURE_NO_WARNINGS. See online help for details.
          c:\program files\microsoft visual studio 12.0\vc\include\stdio.h(356) : see declaration of 'sprintf'
c:\users\fabrice\desktop\c++\mario\src\jeu.cpp(719): warning C4996: 'sprintf': This function or variable may be unsafe. Consider using sprintf_s instead. To disable deprecation, use _CRT_SECURE_NO_WARNINGS. See online help for details.
          c:\program files\microsoft visual studio 12.0\vc\include\stdio.h(356) : see declaration of 'sprintf'
c:\users\fabrice\desktop\c++\mario\src\jeu.cpp(728): warning C4996: 'sprintf': This function or variable may be unsafe. Consider using sprintf_s instead. To disable deprecation, use _CRT_SECURE_NO_WARNINGS. See online help for details.
          c:\program files\microsoft visual studio 12.0\vc\include\stdio.h(356) : see declaration of 'sprintf'
c:\users\fabrice\desktop\c++\mario\src\jeu.cpp(730): warning C4996: 'sprintf': This function or variable may be unsafe. Consider using sprintf_s instead. To disable deprecation, use _CRT_SECURE_NO_WARNINGS. See online help for details.
          c:\program files\microsoft visual studio 12.0\vc\include\stdio.h(356) : see declaration of 'sprintf'
c:\users\fabrice\desktop\c++\mario\src\jeu.cpp(732): warning C4996: 'sprintf': This function or variable may be unsafe. Consider using sprintf_s instead. To disable deprecation, use _CRT_SECURE_NO_WARNINGS. See online help for details.
          c:\program files\microsoft visual studio 12.0\vc\include\stdio.h(356) : see declaration of 'sprintf'
c:\users\fabrice\desktop\c++\mario\src\jeu.cpp(735): warning C4996: 'sprintf': This function or variable may be unsafe. Consider using sprintf_s instead. To disable deprecation, use _CRT_SECURE_NO_WARNINGS. See online help for details.
          c:\program files\microsoft visual studio 12.0\vc\include\stdio.h(356) : see declaration of 'sprintf'
c:\users\fabrice\desktop\c++\mario\src\jeu.cpp(737): warning C4996: 'sprintf': This function or variable may be unsafe. Consider using sprintf_s instead. To disable deprecation, use _CRT_SECURE_NO_WARNINGS. See online help for details.
          c:\program files\microsoft visual studio 12.0\vc\include\stdio.h(356) : see declaration of 'sprintf'
c:\users\fabrice\desktop\c++\mario\src\jeu.cpp(740): warning C4996: 'sprintf': This function or variable may be unsafe. Consider using sprintf_s instead. To disable deprecation, use _CRT_SECURE_NO_WARNINGS. See online help for details.
          c:\program files\microsoft visual studio 12.0\vc\include\stdio.h(356) : see declaration of 'sprintf'
c:\users\fabrice\desktop\c++\mario\src\jeu.cpp(742): warning C4996: 'sprintf': This function or variable may be unsafe. Consider using sprintf_s instead. To disable deprecation, use _CRT_SECURE_NO_WARNINGS. See online help for details.
          c:\program files\microsoft visual studio 12.0\vc\include\stdio.h(356) : see declaration of 'sprintf'
c:\users\fabrice\desktop\c++\mario\src\jeu.cpp(745): warning C4996: 'sprintf': This function or variable may be unsafe. Consider using sprintf_s instead. To disable deprecation, use _CRT_SECURE_NO_WARNINGS. See online help for details.
          c:\program files\microsoft visual studio 12.0\vc\include\stdio.h(356) : see declaration of 'sprintf'
c:\users\fabrice\desktop\c++\mario\src\jeu.cpp(747): warning C4996: 'sprintf': This function or variable may be unsafe. Consider using sprintf_s instead. To disable deprecation, use _CRT_SECURE_NO_WARNINGS. See online help for details.
          c:\program files\microsoft visual studio 12.0\vc\include\stdio.h(356) : see declaration of 'sprintf'
c:\users\fabrice\desktop\c++\mario\src\jeu.cpp(749): warning C4996: 'sprintf': This function or variable may be unsafe. Consider using sprintf_s instead. To disable deprecation, use _CRT_SECURE_NO_WARNINGS. See online help for details.
          c:\program files\microsoft visual studio 12.0\vc\include\stdio.h(356) : see declaration of 'sprintf'
c:\users\fabrice\desktop\c++\mario\src\jeu.cpp(751): warning C4996: 'sprintf': This function or variable may be unsafe. Consider using sprintf_s instead. To disable deprecation, use _CRT_SECURE_NO_WARNINGS. See online help for details.
          c:\program files\microsoft visual studio 12.0\vc\include\stdio.h(356) : see declaration of 'sprintf'
c:\users\fabrice\desktop\c++\mario\src\jeu.cpp(753): warning C4996: 'sprintf': This function or variable may be unsafe. Consider using sprintf_s instead. To disable deprecation, use _CRT_SECURE_NO_WARNINGS. See online help for details.
          c:\program files\microsoft visual studio 12.0\vc\include\stdio.h(356) : see declaration of 'sprintf'
  fichier.cpp
c:\users\fabrice\desktop\c++\mario\src\fichier.cpp(26): warning C4996: 'fopen': This function or variable may be unsafe. Consider using fopen_s instead. To disable deprecation, use _CRT_SECURE_NO_WARNINGS. See online help for details.
          c:\program files\microsoft visual studio 12.0\vc\include\stdio.h(211) : see declaration of 'fopen'
c:\users\fabrice\desktop\c++\mario\src\fichier.cpp(67): warning C4996: 'fopen': This function or variable may be unsafe. Consider using fopen_s instead. To disable deprecation, use _CRT_SECURE_NO_WARNINGS. See online help for details.
          c:\program files\microsoft visual studio 12.0\vc\include\stdio.h(211) : see declaration of 'fopen'
c:\users\fabrice\desktop\c++\mario\src\fichier.cpp(74): warning C4018: '<' : signed/unsigned mismatch
c:\users\fabrice\desktop\c++\mario\src\fichier.cpp(169): warning C4996: 'fopen': This function or variable may be unsafe. Consider using fopen_s instead. To disable deprecation, use _CRT_SECURE_NO_WARNINGS. See online help for details.
          c:\program files\microsoft visual studio 12.0\vc\include\stdio.h(211) : see declaration of 'fopen'
c:\users\fabrice\desktop\c++\mario\src\fichier.cpp(403): warning C4996: 'fopen': This function or variable may be unsafe. Consider using fopen_s instead. To disable deprecation, use _CRT_SECURE_NO_WARNINGS. See online help for details.
          c:\program files\microsoft visual studio 12.0\vc\include\stdio.h(211) : see declaration of 'fopen'
c:\users\fabrice\desktop\c++\mario\src\fichier.cpp(544): warning C4996: 'fopen': This function or variable may be unsafe. Consider using fopen_s instead. To disable deprecation, use _CRT_SECURE_NO_WARNINGS. See online help for details.
          c:\program files\microsoft visual studio 12.0\vc\include\stdio.h(211) : see declaration of 'fopen'
  feu.cpp
c:\users\fabrice\desktop\c++\mario\src\feu.cpp(145): warning C4244: 'argument' : conversion from 'time_t' to 'unsigned int', possible loss of data
  edition.cpp
c:\users\fabrice\desktop\c++\mario\src\edition.cpp(21): warning C4996: 'sprintf': This function or variable may be unsafe. Consider using sprintf_s instead. To disable deprecation, use _CRT_SECURE_NO_WARNINGS. See online help for details.
          c:\program files\microsoft visual studio 12.0\vc\include\stdio.h(356) : see declaration of 'sprintf'
c:\users\fabrice\desktop\c++\mario\src\edition.cpp(22): warning C4996: 'sprintf': This function or variable may be unsafe. Consider using sprintf_s instead. To disable deprecation, use _CRT_SECURE_NO_WARNINGS. See online help for details.
          c:\program files\microsoft visual studio 12.0\vc\include\stdio.h(356) : see declaration of 'sprintf'
c:\users\fabrice\desktop\c++\mario\src\edition.cpp(23): warning C4996: 'sprintf': This function or variable may be unsafe. Consider using sprintf_s instead. To disable deprecation, use _CRT_SECURE_NO_WARNINGS. See online help for details.
          c:\program files\microsoft visual studio 12.0\vc\include\stdio.h(356) : see declaration of 'sprintf'
c:\users\fabrice\desktop\c++\mario\src\edition.cpp(24): warning C4996: 'sprintf': This function or variable may be unsafe. Consider using sprintf_s instead. To disable deprecation, use _CRT_SECURE_NO_WARNINGS. See online help for details.
          c:\program files\microsoft visual studio 12.0\vc\include\stdio.h(356) : see declaration of 'sprintf'
c:\users\fabrice\desktop\c++\mario\src\edition.cpp(25): warning C4996: 'sprintf': This function or variable may be unsafe. Consider using sprintf_s instead. To disable deprecation, use _CRT_SECURE_NO_WARNINGS. See online help for details.
          c:\program files\microsoft visual studio 12.0\vc\include\stdio.h(356) : see declaration of 'sprintf'
c:\users\fabrice\desktop\c++\mario\src\edition.cpp(164): warning C4018: '<' : signed/unsigned mismatch
c:\users\fabrice\desktop\c++\mario\src\edition.cpp(174): warning C4018: '<' : signed/unsigned mismatch
c:\users\fabrice\desktop\c++\mario\src\edition.cpp(186): warning C4018: '<' : signed/unsigned mismatch
c:\users\fabrice\desktop\c++\mario\src\edition.cpp(190): warning C4018: '<' : signed/unsigned mismatch
c:\users\fabrice\desktop\c++\mario\src\edition.cpp(234): warning C4996: 'sprintf': This function or variable may be unsafe. Consider using sprintf_s instead. To disable deprecation, use _CRT_SECURE_NO_WARNINGS. See online help for details.
          c:\program files\microsoft visual studio 12.0\vc\include\stdio.h(356) : see declaration of 'sprintf'
c:\users\fabrice\desktop\c++\mario\src\edition.cpp(236): warning C4996: 'sprintf': This function or variable may be unsafe. Consider using sprintf_s instead. To disable deprecation, use _CRT_SECURE_NO_WARNINGS. See online help for details.
          c:\program files\microsoft visual studio 12.0\vc\include\stdio.h(356) : see declaration of 'sprintf'
c:\users\fabrice\desktop\c++\mario\src\edition.cpp(239): warning C4996: 'sprintf': This function or variable may be unsafe. Consider using sprintf_s instead. To disable deprecation, use _CRT_SECURE_NO_WARNINGS. See online help for details.
          c:\program files\microsoft visual studio 12.0\vc\include\stdio.h(356) : see declaration of 'sprintf'
c:\users\fabrice\desktop\c++\mario\src\edition.cpp(241): warning C4996: 'sprintf': This function or variable may be unsafe. Consider using sprintf_s instead. To disable deprecation, use _CRT_SECURE_NO_WARNINGS. See online help for details.
          c:\program files\microsoft visual studio 12.0\vc\include\stdio.h(356) : see declaration of 'sprintf'
c:\users\fabrice\desktop\c++\mario\src\edition.cpp(244): warning C4996: 'sprintf': This function or variable may be unsafe. Consider using sprintf_s instead. To disable deprecation, use _CRT_SECURE_NO_WARNINGS. See online help for details.
          c:\program files\microsoft visual studio 12.0\vc\include\stdio.h(356) : see declaration of 'sprintf'
c:\users\fabrice\desktop\c++\mario\src\edition.cpp(246): warning C4996: 'sprintf': This function or variable may be unsafe. Consider using sprintf_s instead. To disable deprecation, use _CRT_SECURE_NO_WARNINGS. See online help for details.
          c:\program files\microsoft visual studio 12.0\vc\include\stdio.h(356) : see declaration of 'sprintf'
c:\users\fabrice\desktop\c++\mario\src\edition.cpp(248): warning C4996: 'sprintf': This function or variable may be unsafe. Consider using sprintf_s instead. To disable deprecation, use _CRT_SECURE_NO_WARNINGS. See online help for details.
          c:\program files\microsoft visual studio 12.0\vc\include\stdio.h(356) : see declaration of 'sprintf'
c:\users\fabrice\desktop\c++\mario\src\edition.cpp(251): warning C4996: 'sprintf': This function or variable may be unsafe. Consider using sprintf_s instead. To disable deprecation, use _CRT_SECURE_NO_WARNINGS. See online help for details.
          c:\program files\microsoft visual studio 12.0\vc\include\stdio.h(356) : see declaration of 'sprintf'
c:\users\fabrice\desktop\c++\mario\src\edition.cpp(253): warning C4996: 'sprintf': This function or variable may be unsafe. Consider using sprintf_s instead. To disable deprecation, use _CRT_SECURE_NO_WARNINGS. See online help for details.
          c:\program files\microsoft visual studio 12.0\vc\include\stdio.h(356) : see declaration of 'sprintf'
c:\users\fabrice\desktop\c++\mario\src\edition.cpp(255): warning C4996: 'sprintf': This function or variable may be unsafe. Consider using sprintf_s instead. To disable deprecation, use _CRT_SECURE_NO_WARNINGS. See online help for details.
          c:\program files\microsoft visual studio 12.0\vc\include\stdio.h(356) : see declaration of 'sprintf'
c:\users\fabrice\desktop\c++\mario\src\edition.cpp(258): warning C4996: 'sprintf': This function or variable may be unsafe. Consider using sprintf_s instead. To disable deprecation, use _CRT_SECURE_NO_WARNINGS. See online help for details.
          c:\program files\microsoft visual studio 12.0\vc\include\stdio.h(356) : see declaration of 'sprintf'
c:\users\fabrice\desktop\c++\mario\src\edition.cpp(260): warning C4996: 'sprintf': This function or variable may be unsafe. Consider using sprintf_s instead. To disable deprecation, use _CRT_SECURE_NO_WARNINGS. See online help for details.
          c:\program files\microsoft visual studio 12.0\vc\include\stdio.h(356) : see declaration of 'sprintf'
c:\users\fabrice\desktop\c++\mario\src\edition.cpp(262): warning C4996: 'sprintf': This function or variable may be unsafe. Consider using sprintf_s instead. To disable deprecation, use _CRT_SECURE_NO_WARNINGS. See online help for details.
          c:\program files\microsoft visual studio 12.0\vc\include\stdio.h(356) : see declaration of 'sprintf'
c:\users\fabrice\desktop\c++\mario\src\edition.cpp(317): warning C4018: '<' : signed/unsigned mismatch
c:\users\fabrice\desktop\c++\mario\src\edition.cpp(329): warning C4018: '<' : signed/unsigned mismatch
c:\users\fabrice\desktop\c++\mario\src\edition.cpp(410): warning C4018: '<' : signed/unsigned mismatch
c:\users\fabrice\desktop\c++\mario\src\edition.cpp(585): warning C4018: '<' : signed/unsigned mismatch
c:\users\fabrice\desktop\c++\mario\src\edition.cpp(589): warning C4018: '<' : signed/unsigned mismatch
  carte.cpp
  carreMenu.cpp
c:\users\fabrice\desktop\c++\mario\src\carremenu.cpp(107): warning C4244: 'argument' : conversion from 'time_t' to 'unsigned int', possible loss of data
  boulet.cpp
c:\users\fabrice\desktop\c++\mario\src\boulet.cpp(22): warning C4996: 'sprintf': This function or variable may be unsafe. Consider using sprintf_s instead. To disable deprecation, use _CRT_SECURE_NO_WARNINGS. See online help for details.
          c:\program files\microsoft visual studio 12.0\vc\include\stdio.h(356) : see declaration of 'sprintf'
c:\users\fabrice\desktop\c++\mario\src\boulet.cpp(136): warning C4244: 'argument' : conversion from 'time_t' to 'unsigned int', possible loss of data
  apropos.cpp
  aide.cpp
c:\users\fabrice\desktop\c++\mario\src\aide.cpp(21): warning C4018: '<' : signed/unsigned mismatch
  accueil.cpp
c:\users\fabrice\desktop\c++\mario\src\accueil.cpp(96): warning C4018: '<' : signed/unsigned mismatch
c:\users\fabrice\desktop\c++\mario\src\accueil.cpp(204): warning C4018: '<' : signed/unsigned mismatch
c:\users\fabrice\desktop\c++\mario\src\accueil.cpp(253): warning C4018: '<' : signed/unsigned mismatch
c:\users\fabrice\desktop\c++\mario\src\accueil.cpp(262): warning C4018: '<' : signed/unsigned mismatch
c:\users\fabrice\desktop\c++\mario\src\accueil.cpp(271): warning C4018: '<' : signed/unsigned mismatch
c:\users\fabrice\desktop\c++\mario\src\accueil.cpp(288): warning C4018: '<' : signed/unsigned mismatch
  Generating Code...
accueil.obj : warning LNK4075: ignoring '/EDITANDCONTINUE' due to '/SAFESEH' specification
MSVCRTD.lib(cinitexe.obj) : warning LNK4098: defaultlib 'msvcrt.lib' conflicts with use of other libs; use /NODEFAULTLIB:library
  Mario.vcxproj -> C:\Users\Fabrice\Desktop\C++\Mario\src\Debug\Mario.exe
    Fody:   Skipped Verifying assembly since it is disabled in configuration
