c:\users\fabrice\desktop\c++\mario\src\debug\vc120.pdb
c:\users\fabrice\desktop\c++\mario\src\debug\vc120.idb
c:\users\fabrice\desktop\c++\mario\src\debug\persobandit.obj
c:\users\fabrice\desktop\c++\mario\src\debug\persoboss.obj
c:\users\fabrice\desktop\c++\mario\src\debug\persoboss2.obj
c:\users\fabrice\desktop\c++\mario\src\debug\persocanard.obj
c:\users\fabrice\desktop\c++\mario\src\debug\persocanon1.obj
c:\users\fabrice\desktop\c++\mario\src\debug\persocanon2.obj
c:\users\fabrice\desktop\c++\mario\src\debug\persocassable.obj
c:\users\fabrice\desktop\c++\mario\src\debug\persochampignon.obj
c:\users\fabrice\desktop\c++\mario\src\debug\persodinau.obj
c:\users\fabrice\desktop\c++\mario\src\debug\personnage.obj
c:\users\fabrice\desktop\c++\mario\src\debug\persopasseur.obj
c:\users\fabrice\desktop\c++\mario\src\debug\persopasseur1.obj
c:\users\fabrice\desktop\c++\mario\src\debug\persopiquant.obj
c:\users\fabrice\desktop\c++\mario\src\debug\persopiquant1.obj
c:\users\fabrice\desktop\c++\mario\src\debug\persoprincipal.obj
c:\users\fabrice\desktop\c++\mario\src\debug\persosauteur.obj
c:\users\fabrice\desktop\c++\mario\src\debug\persosuiveur.obj
c:\users\fabrice\desktop\c++\mario\src\debug\persotortue.obj
c:\users\fabrice\desktop\c++\mario\src\debug\persovie.obj
c:\users\fabrice\desktop\c++\mario\src\debug\pierre.obj
c:\users\fabrice\desktop\c++\mario\src\debug\accueil.obj
c:\users\fabrice\desktop\c++\mario\src\debug\aide.obj
c:\users\fabrice\desktop\c++\mario\src\debug\apropos.obj
c:\users\fabrice\desktop\c++\mario\src\debug\boulet.obj
c:\users\fabrice\desktop\c++\mario\src\debug\carremenu.obj
c:\users\fabrice\desktop\c++\mario\src\debug\carte.obj
c:\users\fabrice\desktop\c++\mario\src\debug\edition.obj
c:\users\fabrice\desktop\c++\mario\src\debug\feu.obj
c:\users\fabrice\desktop\c++\mario\src\debug\fichier.obj
c:\users\fabrice\desktop\c++\mario\src\debug\jeu.obj
c:\users\fabrice\desktop\c++\mario\src\debug\lecteur.obj
c:\users\fabrice\desktop\c++\mario\src\debug\main.obj
c:\users\fabrice\desktop\c++\mario\src\debug\music.obj
c:\users\fabrice\desktop\c++\mario\src\debug\mario.ilk
c:\users\fabrice\desktop\c++\mario\src\debug\mario.exe
c:\users\fabrice\desktop\c++\mario\src\debug\mario.pdb
c:\users\fabrice\desktop\c++\mario\src\debug\mario.tlog\cl.command.1.tlog
c:\users\fabrice\desktop\c++\mario\src\debug\mario.tlog\cl.read.1.tlog
c:\users\fabrice\desktop\c++\mario\src\debug\mario.tlog\cl.write.1.tlog
c:\users\fabrice\desktop\c++\mario\src\debug\mario.tlog\link.command.1.tlog
c:\users\fabrice\desktop\c++\mario\src\debug\mario.tlog\link.read.1.tlog
c:\users\fabrice\desktop\c++\mario\src\debug\mario.tlog\link.write.1.tlog
