c:\users\fabrice\desktop\c++\mario\src\release\vc120.pdb
c:\users\fabrice\desktop\c++\mario\src\release\persocassable.obj
c:\users\fabrice\desktop\c++\mario\src\release\persocanon2.obj
c:\users\fabrice\desktop\c++\mario\src\release\persocanon1.obj
c:\users\fabrice\desktop\c++\mario\src\release\persocanard.obj
c:\users\fabrice\desktop\c++\mario\src\release\persoboss2.obj
c:\users\fabrice\desktop\c++\mario\src\release\persoboss.obj
c:\users\fabrice\desktop\c++\mario\src\release\persobandit.obj
c:\users\fabrice\desktop\c++\mario\src\release\music.obj
c:\users\fabrice\desktop\c++\mario\src\release\main.obj
c:\users\fabrice\desktop\c++\mario\src\release\lecteur.obj
c:\users\fabrice\desktop\c++\mario\src\release\jeu.obj
c:\users\fabrice\desktop\c++\mario\src\release\fichier.obj
c:\users\fabrice\desktop\c++\mario\src\release\feu.obj
c:\users\fabrice\desktop\c++\mario\src\release\edition.obj
c:\users\fabrice\desktop\c++\mario\src\release\carte.obj
c:\users\fabrice\desktop\c++\mario\src\release\carremenu.obj
c:\users\fabrice\desktop\c++\mario\src\release\boulet.obj
c:\users\fabrice\desktop\c++\mario\src\release\apropos.obj
c:\users\fabrice\desktop\c++\mario\src\release\aide.obj
c:\users\fabrice\desktop\c++\mario\src\release\accueil.obj
c:\users\fabrice\desktop\c++\mario\src\release\pierre.obj
c:\users\fabrice\desktop\c++\mario\src\release\persovie.obj
c:\users\fabrice\desktop\c++\mario\src\release\persotortue.obj
c:\users\fabrice\desktop\c++\mario\src\release\persosuiveur.obj
c:\users\fabrice\desktop\c++\mario\src\release\persosauteur.obj
c:\users\fabrice\desktop\c++\mario\src\release\persoprincipal.obj
c:\users\fabrice\desktop\c++\mario\src\release\persopiquant1.obj
c:\users\fabrice\desktop\c++\mario\src\release\persopiquant.obj
c:\users\fabrice\desktop\c++\mario\src\release\persopasseur1.obj
c:\users\fabrice\desktop\c++\mario\src\release\persopasseur.obj
c:\users\fabrice\desktop\c++\mario\src\release\personnage.obj
c:\users\fabrice\desktop\c++\mario\src\release\persodinau.obj
c:\users\fabrice\desktop\c++\mario\src\release\persochampignon.obj
c:\users\fabrice\desktop\c++\mario\src\release\mario.exe
c:\users\fabrice\desktop\c++\mario\src\release\mario.pdb
c:\users\fabrice\desktop\c++\mario\src\release\mario.tlog\cl.command.1.tlog
c:\users\fabrice\desktop\c++\mario\src\release\mario.tlog\cl.read.1.tlog
c:\users\fabrice\desktop\c++\mario\src\release\mario.tlog\cl.write.1.tlog
c:\users\fabrice\desktop\c++\mario\src\release\mario.tlog\link.command.1.tlog
c:\users\fabrice\desktop\c++\mario\src\release\mario.tlog\link.read.1.tlog
c:\users\fabrice\desktop\c++\mario\src\release\mario.tlog\link.write.1.tlog
