  accueil.cpp
accueil.cpp(96): warning C4018: '<' : signed/unsigned mismatch
accueil.cpp(204): warning C4018: '<' : signed/unsigned mismatch
accueil.cpp(253): warning C4018: '<' : signed/unsigned mismatch
accueil.cpp(262): warning C4018: '<' : signed/unsigned mismatch
accueil.cpp(271): warning C4018: '<' : signed/unsigned mismatch
accueil.cpp(288): warning C4018: '<' : signed/unsigned mismatch
  aide.cpp
aide.cpp(21): warning C4018: '<' : signed/unsigned mismatch
  apropos.cpp
  boulet.cpp
boulet.cpp(22): warning C4996: 'sprintf': This function or variable may be unsafe. Consider using sprintf_s instead. To disable deprecation, use _CRT_SECURE_NO_WARNINGS. See online help for details.
          C:\Program Files\Microsoft Visual Studio 12.0\VC\include\stdio.h(356) : see declaration of 'sprintf'
boulet.cpp(136): warning C4244: 'argument' : conversion from 'time_t' to 'unsigned int', possible loss of data
  carreMenu.cpp
carreMenu.cpp(107): warning C4244: 'argument' : conversion from 'time_t' to 'unsigned int', possible loss of data
  carte.cpp
  edition.cpp
edition.cpp(21): warning C4996: 'sprintf': This function or variable may be unsafe. Consider using sprintf_s instead. To disable deprecation, use _CRT_SECURE_NO_WARNINGS. See online help for details.
          C:\Program Files\Microsoft Visual Studio 12.0\VC\include\stdio.h(356) : see declaration of 'sprintf'
edition.cpp(22): warning C4996: 'sprintf': This function or variable may be unsafe. Consider using sprintf_s instead. To disable deprecation, use _CRT_SECURE_NO_WARNINGS. See online help for details.
          C:\Program Files\Microsoft Visual Studio 12.0\VC\include\stdio.h(356) : see declaration of 'sprintf'
edition.cpp(23): warning C4996: 'sprintf': This function or variable may be unsafe. Consider using sprintf_s instead. To disable deprecation, use _CRT_SECURE_NO_WARNINGS. See online help for details.
          C:\Program Files\Microsoft Visual Studio 12.0\VC\include\stdio.h(356) : see declaration of 'sprintf'
edition.cpp(24): warning C4996: 'sprintf': This function or variable may be unsafe. Consider using sprintf_s instead. To disable deprecation, use _CRT_SECURE_NO_WARNINGS. See online help for details.
          C:\Program Files\Microsoft Visual Studio 12.0\VC\include\stdio.h(356) : see declaration of 'sprintf'
edition.cpp(25): warning C4996: 'sprintf': This function or variable may be unsafe. Consider using sprintf_s instead. To disable deprecation, use _CRT_SECURE_NO_WARNINGS. See online help for details.
          C:\Program Files\Microsoft Visual Studio 12.0\VC\include\stdio.h(356) : see declaration of 'sprintf'
edition.cpp(164): warning C4018: '<' : signed/unsigned mismatch
edition.cpp(174): warning C4018: '<' : signed/unsigned mismatch
edition.cpp(186): warning C4018: '<' : signed/unsigned mismatch
edition.cpp(190): warning C4018: '<' : signed/unsigned mismatch
edition.cpp(234): warning C4996: 'sprintf': This function or variable may be unsafe. Consider using sprintf_s instead. To disable deprecation, use _CRT_SECURE_NO_WARNINGS. See online help for details.
          C:\Program Files\Microsoft Visual Studio 12.0\VC\include\stdio.h(356) : see declaration of 'sprintf'
edition.cpp(236): warning C4996: 'sprintf': This function or variable may be unsafe. Consider using sprintf_s instead. To disable deprecation, use _CRT_SECURE_NO_WARNINGS. See online help for details.
          C:\Program Files\Microsoft Visual Studio 12.0\VC\include\stdio.h(356) : see declaration of 'sprintf'
edition.cpp(239): warning C4996: 'sprintf': This function or variable may be unsafe. Consider using sprintf_s instead. To disable deprecation, use _CRT_SECURE_NO_WARNINGS. See online help for details.
          C:\Program Files\Microsoft Visual Studio 12.0\VC\include\stdio.h(356) : see declaration of 'sprintf'
edition.cpp(241): warning C4996: 'sprintf': This function or variable may be unsafe. Consider using sprintf_s instead. To disable deprecation, use _CRT_SECURE_NO_WARNINGS. See online help for details.
          C:\Program Files\Microsoft Visual Studio 12.0\VC\include\stdio.h(356) : see declaration of 'sprintf'
edition.cpp(244): warning C4996: 'sprintf': This function or variable may be unsafe. Consider using sprintf_s instead. To disable deprecation, use _CRT_SECURE_NO_WARNINGS. See online help for details.
          C:\Program Files\Microsoft Visual Studio 12.0\VC\include\stdio.h(356) : see declaration of 'sprintf'
edition.cpp(246): warning C4996: 'sprintf': This function or variable may be unsafe. Consider using sprintf_s instead. To disable deprecation, use _CRT_SECURE_NO_WARNINGS. See online help for details.
          C:\Program Files\Microsoft Visual Studio 12.0\VC\include\stdio.h(356) : see declaration of 'sprintf'
edition.cpp(248): warning C4996: 'sprintf': This function or variable may be unsafe. Consider using sprintf_s instead. To disable deprecation, use _CRT_SECURE_NO_WARNINGS. See online help for details.
          C:\Program Files\Microsoft Visual Studio 12.0\VC\include\stdio.h(356) : see declaration of 'sprintf'
edition.cpp(251): warning C4996: 'sprintf': This function or variable may be unsafe. Consider using sprintf_s instead. To disable deprecation, use _CRT_SECURE_NO_WARNINGS. See online help for details.
          C:\Program Files\Microsoft Visual Studio 12.0\VC\include\stdio.h(356) : see declaration of 'sprintf'
edition.cpp(253): warning C4996: 'sprintf': This function or variable may be unsafe. Consider using sprintf_s instead. To disable deprecation, use _CRT_SECURE_NO_WARNINGS. See online help for details.
          C:\Program Files\Microsoft Visual Studio 12.0\VC\include\stdio.h(356) : see declaration of 'sprintf'
edition.cpp(255): warning C4996: 'sprintf': This function or variable may be unsafe. Consider using sprintf_s instead. To disable deprecation, use _CRT_SECURE_NO_WARNINGS. See online help for details.
          C:\Program Files\Microsoft Visual Studio 12.0\VC\include\stdio.h(356) : see declaration of 'sprintf'
edition.cpp(258): warning C4996: 'sprintf': This function or variable may be unsafe. Consider using sprintf_s instead. To disable deprecation, use _CRT_SECURE_NO_WARNINGS. See online help for details.
          C:\Program Files\Microsoft Visual Studio 12.0\VC\include\stdio.h(356) : see declaration of 'sprintf'
edition.cpp(260): warning C4996: 'sprintf': This function or variable may be unsafe. Consider using sprintf_s instead. To disable deprecation, use _CRT_SECURE_NO_WARNINGS. See online help for details.
          C:\Program Files\Microsoft Visual Studio 12.0\VC\include\stdio.h(356) : see declaration of 'sprintf'
edition.cpp(262): warning C4996: 'sprintf': This function or variable may be unsafe. Consider using sprintf_s instead. To disable deprecation, use _CRT_SECURE_NO_WARNINGS. See online help for details.
          C:\Program Files\Microsoft Visual Studio 12.0\VC\include\stdio.h(356) : see declaration of 'sprintf'
edition.cpp(317): warning C4018: '<' : signed/unsigned mismatch
edition.cpp(329): warning C4018: '<' : signed/unsigned mismatch
edition.cpp(410): warning C4018: '<' : signed/unsigned mismatch
edition.cpp(585): warning C4018: '<' : signed/unsigned mismatch
edition.cpp(589): warning C4018: '<' : signed/unsigned mismatch
  feu.cpp
feu.cpp(145): warning C4244: 'argument' : conversion from 'time_t' to 'unsigned int', possible loss of data
  fichier.cpp
fichier.cpp(26): warning C4996: 'fopen': This function or variable may be unsafe. Consider using fopen_s instead. To disable deprecation, use _CRT_SECURE_NO_WARNINGS. See online help for details.
          C:\Program Files\Microsoft Visual Studio 12.0\VC\include\stdio.h(211) : see declaration of 'fopen'
fichier.cpp(67): warning C4996: 'fopen': This function or variable may be unsafe. Consider using fopen_s instead. To disable deprecation, use _CRT_SECURE_NO_WARNINGS. See online help for details.
          C:\Program Files\Microsoft Visual Studio 12.0\VC\include\stdio.h(211) : see declaration of 'fopen'
fichier.cpp(74): warning C4018: '<' : signed/unsigned mismatch
fichier.cpp(169): warning C4996: 'fopen': This function or variable may be unsafe. Consider using fopen_s instead. To disable deprecation, use _CRT_SECURE_NO_WARNINGS. See online help for details.
          C:\Program Files\Microsoft Visual Studio 12.0\VC\include\stdio.h(211) : see declaration of 'fopen'
fichier.cpp(403): warning C4996: 'fopen': This function or variable may be unsafe. Consider using fopen_s instead. To disable deprecation, use _CRT_SECURE_NO_WARNINGS. See online help for details.
          C:\Program Files\Microsoft Visual Studio 12.0\VC\include\stdio.h(211) : see declaration of 'fopen'
fichier.cpp(544): warning C4996: 'fopen': This function or variable may be unsafe. Consider using fopen_s instead. To disable deprecation, use _CRT_SECURE_NO_WARNINGS. See online help for details.
          C:\Program Files\Microsoft Visual Studio 12.0\VC\include\stdio.h(211) : see declaration of 'fopen'
  jeu.cpp
jeu.cpp(28): warning C4996: 'sprintf': This function or variable may be unsafe. Consider using sprintf_s instead. To disable deprecation, use _CRT_SECURE_NO_WARNINGS. See online help for details.
          C:\Program Files\Microsoft Visual Studio 12.0\VC\include\stdio.h(356) : see declaration of 'sprintf'
jeu.cpp(29): warning C4996: 'sprintf': This function or variable may be unsafe. Consider using sprintf_s instead. To disable deprecation, use _CRT_SECURE_NO_WARNINGS. See online help for details.
          C:\Program Files\Microsoft Visual Studio 12.0\VC\include\stdio.h(356) : see declaration of 'sprintf'
jeu.cpp(30): warning C4996: 'sprintf': This function or variable may be unsafe. Consider using sprintf_s instead. To disable deprecation, use _CRT_SECURE_NO_WARNINGS. See online help for details.
          C:\Program Files\Microsoft Visual Studio 12.0\VC\include\stdio.h(356) : see declaration of 'sprintf'
jeu.cpp(31): warning C4996: 'sprintf': This function or variable may be unsafe. Consider using sprintf_s instead. To disable deprecation, use _CRT_SECURE_NO_WARNINGS. See online help for details.
          C:\Program Files\Microsoft Visual Studio 12.0\VC\include\stdio.h(356) : see declaration of 'sprintf'
jeu.cpp(45): warning C4018: '<' : signed/unsigned mismatch
jeu.cpp(49): warning C4018: '<' : signed/unsigned mismatch
jeu.cpp(90): warning C4018: '<' : signed/unsigned mismatch
jeu.cpp(92): warning C4018: '<' : signed/unsigned mismatch
jeu.cpp(236): warning C4018: '<' : signed/unsigned mismatch
jeu.cpp(238): warning C4018: '<' : signed/unsigned mismatch
jeu.cpp(424): warning C4018: '<' : signed/unsigned mismatch
jeu.cpp(480): warning C4996: 'sprintf': This function or variable may be unsafe. Consider using sprintf_s instead. To disable deprecation, use _CRT_SECURE_NO_WARNINGS. See online help for details.
          C:\Program Files\Microsoft Visual Studio 12.0\VC\include\stdio.h(356) : see declaration of 'sprintf'
jeu.cpp(482): warning C4996: 'sprintf': This function or variable may be unsafe. Consider using sprintf_s instead. To disable deprecation, use _CRT_SECURE_NO_WARNINGS. See online help for details.
          C:\Program Files\Microsoft Visual Studio 12.0\VC\include\stdio.h(356) : see declaration of 'sprintf'
jeu.cpp(484): warning C4996: 'sprintf': This function or variable may be unsafe. Consider using sprintf_s instead. To disable deprecation, use _CRT_SECURE_NO_WARNINGS. See online help for details.
          C:\Program Files\Microsoft Visual Studio 12.0\VC\include\stdio.h(356) : see declaration of 'sprintf'
jeu.cpp(487): warning C4996: 'sprintf': This function or variable may be unsafe. Consider using sprintf_s instead. To disable deprecation, use _CRT_SECURE_NO_WARNINGS. See online help for details.
          C:\Program Files\Microsoft Visual Studio 12.0\VC\include\stdio.h(356) : see declaration of 'sprintf'
jeu.cpp(489): warning C4996: 'sprintf': This function or variable may be unsafe. Consider using sprintf_s instead. To disable deprecation, use _CRT_SECURE_NO_WARNINGS. See online help for details.
          C:\Program Files\Microsoft Visual Studio 12.0\VC\include\stdio.h(356) : see declaration of 'sprintf'
jeu.cpp(492): warning C4996: 'sprintf': This function or variable may be unsafe. Consider using sprintf_s instead. To disable deprecation, use _CRT_SECURE_NO_WARNINGS. See online help for details.
          C:\Program Files\Microsoft Visual Studio 12.0\VC\include\stdio.h(356) : see declaration of 'sprintf'
jeu.cpp(494): warning C4996: 'sprintf': This function or variable may be unsafe. Consider using sprintf_s instead. To disable deprecation, use _CRT_SECURE_NO_WARNINGS. See online help for details.
          C:\Program Files\Microsoft Visual Studio 12.0\VC\include\stdio.h(356) : see declaration of 'sprintf'
jeu.cpp(497): warning C4996: 'sprintf': This function or variable may be unsafe. Consider using sprintf_s instead. To disable deprecation, use _CRT_SECURE_NO_WARNINGS. See online help for details.
          C:\Program Files\Microsoft Visual Studio 12.0\VC\include\stdio.h(356) : see declaration of 'sprintf'
jeu.cpp(499): warning C4996: 'sprintf': This function or variable may be unsafe. Consider using sprintf_s instead. To disable deprecation, use _CRT_SECURE_NO_WARNINGS. See online help for details.
          C:\Program Files\Microsoft Visual Studio 12.0\VC\include\stdio.h(356) : see declaration of 'sprintf'
jeu.cpp(501): warning C4996: 'sprintf': This function or variable may be unsafe. Consider using sprintf_s instead. To disable deprecation, use _CRT_SECURE_NO_WARNINGS. See online help for details.
          C:\Program Files\Microsoft Visual Studio 12.0\VC\include\stdio.h(356) : see declaration of 'sprintf'
jeu.cpp(503): warning C4996: 'sprintf': This function or variable may be unsafe. Consider using sprintf_s instead. To disable deprecation, use _CRT_SECURE_NO_WARNINGS. See online help for details.
          C:\Program Files\Microsoft Visual Studio 12.0\VC\include\stdio.h(356) : see declaration of 'sprintf'
jeu.cpp(505): warning C4996: 'sprintf': This function or variable may be unsafe. Consider using sprintf_s instead. To disable deprecation, use _CRT_SECURE_NO_WARNINGS. See online help for details.
          C:\Program Files\Microsoft Visual Studio 12.0\VC\include\stdio.h(356) : see declaration of 'sprintf'
jeu.cpp(528): warning C4018: '<' : signed/unsigned mismatch
jeu.cpp(545): warning C4018: '<' : signed/unsigned mismatch
jeu.cpp(582): warning C4018: '<' : signed/unsigned mismatch
jeu.cpp(699): warning C4996: 'sprintf': This function or variable may be unsafe. Consider using sprintf_s instead. To disable deprecation, use _CRT_SECURE_NO_WARNINGS. See online help for details.
          C:\Program Files\Microsoft Visual Studio 12.0\VC\include\stdio.h(356) : see declaration of 'sprintf'
jeu.cpp(705): warning C4996: 'sprintf': This function or variable may be unsafe. Consider using sprintf_s instead. To disable deprecation, use _CRT_SECURE_NO_WARNINGS. See online help for details.
          C:\Program Files\Microsoft Visual Studio 12.0\VC\include\stdio.h(356) : see declaration of 'sprintf'
jeu.cpp(713): warning C4996: 'sprintf': This function or variable may be unsafe. Consider using sprintf_s instead. To disable deprecation, use _CRT_SECURE_NO_WARNINGS. See online help for details.
          C:\Program Files\Microsoft Visual Studio 12.0\VC\include\stdio.h(356) : see declaration of 'sprintf'
jeu.cpp(719): warning C4996: 'sprintf': This function or variable may be unsafe. Consider using sprintf_s instead. To disable deprecation, use _CRT_SECURE_NO_WARNINGS. See online help for details.
          C:\Program Files\Microsoft Visual Studio 12.0\VC\include\stdio.h(356) : see declaration of 'sprintf'
jeu.cpp(728): warning C4996: 'sprintf': This function or variable may be unsafe. Consider using sprintf_s instead. To disable deprecation, use _CRT_SECURE_NO_WARNINGS. See online help for details.
          C:\Program Files\Microsoft Visual Studio 12.0\VC\include\stdio.h(356) : see declaration of 'sprintf'
jeu.cpp(730): warning C4996: 'sprintf': This function or variable may be unsafe. Consider using sprintf_s instead. To disable deprecation, use _CRT_SECURE_NO_WARNINGS. See online help for details.
          C:\Program Files\Microsoft Visual Studio 12.0\VC\include\stdio.h(356) : see declaration of 'sprintf'
jeu.cpp(732): warning C4996: 'sprintf': This function or variable may be unsafe. Consider using sprintf_s instead. To disable deprecation, use _CRT_SECURE_NO_WARNINGS. See online help for details.
          C:\Program Files\Microsoft Visual Studio 12.0\VC\include\stdio.h(356) : see declaration of 'sprintf'
jeu.cpp(735): warning C4996: 'sprintf': This function or variable may be unsafe. Consider using sprintf_s instead. To disable deprecation, use _CRT_SECURE_NO_WARNINGS. See online help for details.
          C:\Program Files\Microsoft Visual Studio 12.0\VC\include\stdio.h(356) : see declaration of 'sprintf'
jeu.cpp(737): warning C4996: 'sprintf': This function or variable may be unsafe. Consider using sprintf_s instead. To disable deprecation, use _CRT_SECURE_NO_WARNINGS. See online help for details.
          C:\Program Files\Microsoft Visual Studio 12.0\VC\include\stdio.h(356) : see declaration of 'sprintf'
jeu.cpp(740): warning C4996: 'sprintf': This function or variable may be unsafe. Consider using sprintf_s instead. To disable deprecation, use _CRT_SECURE_NO_WARNINGS. See online help for details.
          C:\Program Files\Microsoft Visual Studio 12.0\VC\include\stdio.h(356) : see declaration of 'sprintf'
jeu.cpp(742): warning C4996: 'sprintf': This function or variable may be unsafe. Consider using sprintf_s instead. To disable deprecation, use _CRT_SECURE_NO_WARNINGS. See online help for details.
          C:\Program Files\Microsoft Visual Studio 12.0\VC\include\stdio.h(356) : see declaration of 'sprintf'
jeu.cpp(745): warning C4996: 'sprintf': This function or variable may be unsafe. Consider using sprintf_s instead. To disable deprecation, use _CRT_SECURE_NO_WARNINGS. See online help for details.
          C:\Program Files\Microsoft Visual Studio 12.0\VC\include\stdio.h(356) : see declaration of 'sprintf'
jeu.cpp(747): warning C4996: 'sprintf': This function or variable may be unsafe. Consider using sprintf_s instead. To disable deprecation, use _CRT_SECURE_NO_WARNINGS. See online help for details.
          C:\Program Files\Microsoft Visual Studio 12.0\VC\include\stdio.h(356) : see declaration of 'sprintf'
jeu.cpp(749): warning C4996: 'sprintf': This function or variable may be unsafe. Consider using sprintf_s instead. To disable deprecation, use _CRT_SECURE_NO_WARNINGS. See online help for details.
          C:\Program Files\Microsoft Visual Studio 12.0\VC\include\stdio.h(356) : see declaration of 'sprintf'
jeu.cpp(751): warning C4996: 'sprintf': This function or variable may be unsafe. Consider using sprintf_s instead. To disable deprecation, use _CRT_SECURE_NO_WARNINGS. See online help for details.
          C:\Program Files\Microsoft Visual Studio 12.0\VC\include\stdio.h(356) : see declaration of 'sprintf'
jeu.cpp(753): warning C4996: 'sprintf': This function or variable may be unsafe. Consider using sprintf_s instead. To disable deprecation, use _CRT_SECURE_NO_WARNINGS. See online help for details.
          C:\Program Files\Microsoft Visual Studio 12.0\VC\include\stdio.h(356) : see declaration of 'sprintf'
  lecteur.cpp
lecteur.cpp(13): warning C4244: '=' : conversion from 'double' to 'float', possible loss of data
lecteur.cpp(40): warning C4244: '=' : conversion from 'float' to 'int', possible loss of data
lecteur.cpp(46): warning C4244: 'argument' : conversion from 'float' to 'const Uint8', possible loss of data
  main.cpp
main.cpp(20): warning C4996: 'putenv': The POSIX name for this item is deprecated. Instead, use the ISO C++ conformant name: _putenv. See online help for details.
          C:\Program Files\Microsoft Visual Studio 12.0\VC\include\stdlib.h(941) : see declaration of 'putenv'
  music.cpp
music.cpp(15): warning C4018: '<' : signed/unsigned mismatch
music.cpp(19): warning C4018: '<' : signed/unsigned mismatch
  persoBandit.cpp
persoBandit.cpp(23): warning C4996: 'sprintf': This function or variable may be unsafe. Consider using sprintf_s instead. To disable deprecation, use _CRT_SECURE_NO_WARNINGS. See online help for details.
          C:\Program Files\Microsoft Visual Studio 12.0\VC\include\stdio.h(356) : see declaration of 'sprintf'
  persoBoss.cpp
persoBoss.cpp(27): warning C4996: 'sprintf': This function or variable may be unsafe. Consider using sprintf_s instead. To disable deprecation, use _CRT_SECURE_NO_WARNINGS. See online help for details.
          C:\Program Files\Microsoft Visual Studio 12.0\VC\include\stdio.h(356) : see declaration of 'sprintf'
  persoBoss2.cpp
persoBoss2.cpp(25): warning C4996: 'sprintf': This function or variable may be unsafe. Consider using sprintf_s instead. To disable deprecation, use _CRT_SECURE_NO_WARNINGS. See online help for details.
          C:\Program Files\Microsoft Visual Studio 12.0\VC\include\stdio.h(356) : see declaration of 'sprintf'
  persoCanard.cpp
persoCanard.cpp(26): warning C4996: 'sprintf': This function or variable may be unsafe. Consider using sprintf_s instead. To disable deprecation, use _CRT_SECURE_NO_WARNINGS. See online help for details.
          C:\Program Files\Microsoft Visual Studio 12.0\VC\include\stdio.h(356) : see declaration of 'sprintf'
persoCanard.cpp(45): warning C4996: 'sprintf': This function or variable may be unsafe. Consider using sprintf_s instead. To disable deprecation, use _CRT_SECURE_NO_WARNINGS. See online help for details.
          C:\Program Files\Microsoft Visual Studio 12.0\VC\include\stdio.h(356) : see declaration of 'sprintf'
  persoCanon1.cpp
persoCanon1.cpp(47): warning C4101: 'posAff' : unreferenced local variable
persoCanon1.cpp(59): warning C4018: '>=' : signed/unsigned mismatch
  persoCanon2.cpp
persoCanon2.cpp(47): warning C4101: 'posAff' : unreferenced local variable
persoCanon2.cpp(59): warning C4018: '>=' : signed/unsigned mismatch
  persoCassable.cpp
  Compiling...
  persoChampignon.cpp
  persoDinau.cpp
persoDinau.cpp(28): warning C4996: 'sprintf': This function or variable may be unsafe. Consider using sprintf_s instead. To disable deprecation, use _CRT_SECURE_NO_WARNINGS. See online help for details.
          C:\Program Files\Microsoft Visual Studio 12.0\VC\include\stdio.h(356) : see declaration of 'sprintf'
  personnage.cpp
personnage.cpp(32): warning C4018: '<' : signed/unsigned mismatch
personnage.cpp(133): warning C4244: 'argument' : conversion from 'time_t' to 'unsigned int', possible loss of data
personnage.cpp(140): warning C4244: 'argument' : conversion from 'time_t' to 'unsigned int', possible loss of data
personnage.cpp(149): warning C4018: '<' : signed/unsigned mismatch
personnage.cpp(171): warning C4018: '<' : signed/unsigned mismatch
personnage.cpp(193): warning C4018: '<' : signed/unsigned mismatch
  persoPasseur.cpp
  persoPasseur1.cpp
  persoPiquant.cpp
  persoPiquant1.cpp
  persoPrincipal.cpp
  persoSauteur.cpp
persoSauteur.cpp(25): warning C4996: 'sprintf': This function or variable may be unsafe. Consider using sprintf_s instead. To disable deprecation, use _CRT_SECURE_NO_WARNINGS. See online help for details.
          C:\Program Files\Microsoft Visual Studio 12.0\VC\include\stdio.h(356) : see declaration of 'sprintf'
  persoSuiveur.cpp
persoSuiveur.cpp(25): warning C4996: 'sprintf': This function or variable may be unsafe. Consider using sprintf_s instead. To disable deprecation, use _CRT_SECURE_NO_WARNINGS. See online help for details.
          C:\Program Files\Microsoft Visual Studio 12.0\VC\include\stdio.h(356) : see declaration of 'sprintf'
  persoTortue.cpp
persoTortue.cpp(24): warning C4996: 'sprintf': This function or variable may be unsafe. Consider using sprintf_s instead. To disable deprecation, use _CRT_SECURE_NO_WARNINGS. See online help for details.
          C:\Program Files\Microsoft Visual Studio 12.0\VC\include\stdio.h(356) : see declaration of 'sprintf'
  persoVie.cpp
  pierre.cpp
  Generating code
  Finished generating code
  Mario.vcxproj -> C:\Users\Fabrice\Desktop\C++\Mario\src\Release\Mario.exe
    Fody:   Skipped Verifying assembly since it is disabled in configuration
